# JRE version: OpenJDK Runtime Environment Temurin-17.0.6+10 (17.0.6+10) (build 17.0.6+10)
# Java VM: OpenJDK 64-Bit Server VM Temurin-17.0.6+10 (17.0.6+10, mixed mode, tiered, compressed oops, compressed class ptrs, g1 gc, windows-amd64)
GC Precious Log:
 CPUs: 2 total, 2 available
 Memory: 8191M
 Large Page Support: Disabled
 NUMA Support: Disabled
 Compressed Oops: Enabled (32-bit)
 Heap Region Size: 1M
 Heap Min Capacity: 8M
 Heap Initial Capacity: 128M
 Heap Max Capacity: 2G
 Pre-touch: Disabled
 Parallel Workers: 2
 Concurrent Workers: 1
 Concurrent Refinement Workers: 2
 Periodic GC: Disabled
Heap:
 garbage-first heap   total 46080K, used 28154K [0x0000000080000000, 0x0000000100000000)
  region size 1024K, 3 young (3072K), 2 survivors (2048K)
 Metaspace       used 60007K, committed 60864K, reserved 1105920K
  class space    used 6829K, committed 7232K, reserved 1048576K
GC Heap History (20 events):
Event: 15.114 GC heap before
{Heap before GC invocations=8 (full 0):
 garbage-first heap   total 37888K, used 18010K [0x0000000080000000, 0x0000000100000000)
  region size 1024K, 4 young (4096K), 2 survivors (2048K)
 Metaspace       used 35568K, committed 35968K, reserved 1089536K
  class space    used 3882K, committed 4032K, reserved 1048576K
}
Event: 15.119 GC heap after
{Heap after GC invocations=9 (full 0):
 garbage-first heap   total 37888K, used 17035K [0x0000000080000000, 0x0000000100000000)
  region size 1024K, 1 young (1024K), 1 survivors (1024K)
 Metaspace       used 35568K, committed 35968K, reserved 1089536K
  class space    used 3882K, committed 4032K, reserved 1048576K
}
Event: 16.416 GC heap before
{Heap before GC invocations=10 (full 0):
 garbage-first heap   total 37888K, used 26251K [0x0000000080000000, 0x0000000100000000)
  region size 1024K, 11 young (11264K), 1 survivors (1024K)
 Metaspace       used 38833K, committed 39232K, reserved 1089536K
  class space    used 4162K, committed 4352K, reserved 1048576K
}
Event: 16.420 GC heap after
{Heap after GC invocations=11 (full 0):
 garbage-first heap   total 37888K, used 17605K [0x0000000080000000, 0x0000000100000000)
  region size 1024K, 1 young (1024K), 1 survivors (1024K)
 Metaspace       used 38833K, committed 39232K, reserved 1089536K
  class space    used 4162K, committed 4352K, reserved 1048576K
}
Event: 16.478 GC heap before
{Heap before GC invocations=11 (full 0):
 garbage-first heap   total 37888K, used 18629K [0x0000000080000000, 0x0000000100000000)
  region size 1024K, 2 young (2048K), 1 survivors (1024K)
 Metaspace       used 39107K, committed 39488K, reserved 1089536K
  class space    used 4201K, committed 4352K, reserved 1048576K
}
Event: 16.489 GC heap after
{Heap after GC invocations=12 (full 0):
 garbage-first heap   total 37888K, used 17673K [0x0000000080000000, 0x0000000100000000)
  region size 1024K, 1 young (1024K), 1 survivors (1024K)
 Metaspace       used 39107K, committed 39488K, reserved 1089536K
  class space    used 4201K, committed 4352K, reserved 1048576K
}
Event: 18.055 GC heap before
{Heap before GC invocations=12 (full 0):
 garbage-first heap   total 37888K, used 26889K [0x0000000080000000, 0x0000000100000000)
  region size 1024K, 11 young (11264K), 1 survivors (1024K)
 Metaspace       used 41972K, committed 42432K, reserved 1089536K
  class space    used 4553K, committed 4736K, reserved 1048576K
}
Event: 18.060 GC heap after
{Heap after GC invocations=13 (full 0):
 garbage-first heap   total 37888K, used 18709K [0x0000000080000000, 0x0000000100000000)
  region size 1024K, 2 young (2048K), 2 survivors (2048K)
 Metaspace       used 41972K, committed 42432K, reserved 1089536K
  class space    used 4553K, committed 4736K, reserved 1048576K
}
Event: 19.242 GC heap before
{Heap before GC invocations=14 (full 0):
 garbage-first heap   total 37888K, used 27925K [0x0000000080000000, 0x0000000100000000)
  region size 1024K, 12 young (12288K), 2 survivors (2048K)
 Metaspace       used 43647K, committed 44096K, reserved 1089536K
  class space    used 4698K, committed 4864K, reserved 1048576K
}
Event: 19.255 GC heap after
{Heap after GC invocations=15 (full 0):
 garbage-first heap   total 37888K, used 19372K [0x0000000080000000, 0x0000000100000000)
  region size 1024K, 1 young (1024K), 1 survivors (1024K)
 Metaspace       used 43647K, committed 44096K, reserved 1089536K
  class space    used 4698K, committed 4864K, reserved 1048576K
}
Event: 19.913 GC heap before
{Heap before GC invocations=15 (full 0):
 garbage-first heap   total 37888K, used 27564K [0x0000000080000000, 0x0000000100000000)
  region size 1024K, 10 young (10240K), 1 survivors (1024K)
 Metaspace       used 46208K, committed 46720K, reserved 1097728K
  class space    used 4983K, committed 5184K, reserved 1048576K
}
Event: 19.917 GC heap after
{Heap after GC invocations=16 (full 0):
 garbage-first heap   total 46080K, used 19621K [0x0000000080000000, 0x0000000100000000)
  region size 1024K, 1 young (1024K), 1 survivors (1024K)
 Metaspace       used 46208K, committed 46720K, reserved 1097728K
  class space    used 4983K, committed 5184K, reserved 1048576K
}
Event: 29.674 GC heap before
{Heap before GC invocations=17 (full 0):
 garbage-first heap   total 46080K, used 34981K [0x0000000080000000, 0x0000000100000000)
  region size 1024K, 16 young (16384K), 1 survivors (1024K)
 Metaspace       used 50274K, committed 50880K, reserved 1097728K
  class space    used 5588K, committed 5824K, reserved 1048576K
}
Event: 29.699 GC heap after
{Heap after GC invocations=18 (full 0):
 garbage-first heap   total 46080K, used 24041K [0x0000000080000000, 0x0000000100000000)
  region size 1024K, 2 young (2048K), 2 survivors (2048K)
 Metaspace       used 50274K, committed 50880K, reserved 1097728K
  class space    used 5588K, committed 5824K, reserved 1048576K
}
Event: 31.064 GC heap before
{Heap before GC invocations=18 (full 0):
 garbage-first heap   total 46080K, used 34281K [0x0000000080000000, 0x0000000100000000)
  region size 1024K, 13 young (13312K), 2 survivors (2048K)
 Metaspace       used 53151K, committed 54016K, reserved 1097728K
  class space    used 6071K, committed 6464K, reserved 1048576K
}
Event: 31.072 GC heap after
{Heap after GC invocations=19 (full 0):
 garbage-first heap   total 46080K, used 24793K [0x0000000080000000, 0x0000000100000000)
  region size 1024K, 1 young (1024K), 1 survivors (1024K)
 Metaspace       used 53151K, committed 54016K, reserved 1097728K
  class space    used 6071K, committed 6464K, reserved 1048576K
}
Event: 33.169 GC heap before
{Heap before GC invocations=20 (full 0):
 garbage-first heap   total 46080K, used 35033K [0x0000000080000000, 0x0000000100000000)
  region size 1024K, 11 young (11264K), 1 survivors (1024K)
 Metaspace       used 56203K, committed 57088K, reserved 1105920K
  class space    used 6403K, committed 6848K, reserved 1048576K
}
Event: 33.179 GC heap after
{Heap after GC invocations=21 (full 0):
 garbage-first heap   total 46080K, used 26058K [0x0000000080000000, 0x0000000100000000)
  region size 1024K, 2 young (2048K), 2 survivors (2048K)
 Metaspace       used 56203K, committed 57088K, reserved 1105920K
  class space    used 6403K, committed 6848K, reserved 1048576K
}
Event: 36.622 GC heap before
{Heap before GC invocations=21 (full 0):
 garbage-first heap   total 46080K, used 35274K [0x0000000080000000, 0x0000000100000000)
  region size 1024K, 12 young (12288K), 2 survivors (2048K)
 Metaspace       used 60006K, committed 60864K, reserved 1105920K
  class space    used 6829K, committed 7232K, reserved 1048576K
}
Event: 36.634 GC heap after
{Heap after GC invocations=22 (full 0):
 garbage-first heap   total 46080K, used 28154K [0x0000000080000000, 0x0000000100000000)
  region size 1024K, 2 young (2048K), 2 survivors (2048K)
 Metaspace       used 60006K, committed 60864K, reserved 1105920K
  class space    used 6829K, committed 7232K, reserved 1048576K
}

